<?xml version="1.0" encoding="UTF-8"?>
<!-- Generated by org.testng.reporters.JUnitReportReporter -->
<testsuite skipped="0" hostname="sumit-Lenovo-E41-80" name="com.testrestapi.com.rest.RestTest" tests="5" failures="0" timestamp="29 Jul 2017 06:51:47 GMT" time="0.504" errors="0">
  <testcase name="getRequestFindName" time="0.008" classname="com.testrestapi.com.rest.RestTest"/>
  <testcase name="getRequestFindCapital" time="0.002" classname="com.testrestapi.com.rest.RestTest"/>
  <testcase name="getRequestFindRegion" time="0.002" classname="com.testrestapi.com.rest.RestTest"/>
  <testcase name="getRequestFindCurrencies" time="0.491" classname="com.testrestapi.com.rest.RestTest"/>
  <testcase name="getRequestFindPopulation" time="0.001" classname="com.testrestapi.com.rest.RestTest"/>
</testsuite> <!-- com.testrestapi.com.rest.RestTest -->
