<?xml version="1.0" encoding="UTF-8"?>
<!-- Generated by org.testng.reporters.JUnitReportReporter -->
<testsuite skipped="0" hostname="sumit-Lenovo-E41-80" name="com.testrestapi.com.rest.AppTest" tests="1" failures="0" timestamp="27 Jul 2017 14:30:22 GMT" time="1.768" errors="0">
  <testcase name="test01" time="1.768" classname="com.testrestapi.com.rest.AppTest"/>
</testsuite> <!-- com.testrestapi.com.rest.AppTest -->
